2021-05-28 12:09:13,626 [e-1024-b02]   INFO -        #com.intellij.idea.Main - ------------------------------------------------------ IDE STARTED ------------------------------------------------------ 
2021-05-28 12:09:13,627 [e-1024-b02]   INFO -        #com.intellij.idea.Main - IDE: Android Studio (build #AI-173.4819257, 04 Jun 2018 23:07) 
2021-05-28 12:09:13,627 [e-1024-b02]   INFO -        #com.intellij.idea.Main - OS: Windows 10 (10.0, amd64) 
2021-05-28 12:09:13,627 [e-1024-b02]   INFO -        #com.intellij.idea.Main - JRE: 1.8.0_152-release-1024-b02 (JetBrains s.r.o) 
2021-05-28 12:09:13,627 [e-1024-b02]   INFO -        #com.intellij.idea.Main - JVM: 25.152-b02 (OpenJDK 64-Bit Server VM) 
2021-05-28 12:09:13,627 [e-1024-b02]   INFO -        #com.intellij.idea.Main - JVM Args: -Xms256m -Xmx1280m -XX:ReservedCodeCacheSize=240m -XX:+UseConcMarkSweepGC -XX:SoftRefLRUPolicyMSPerMB=50 -Dsun.io.useCanonCaches=false -Djava.net.preferIPv4Stack=true -Djna.nosys=true -Djna.boot.library.path= -da -Djb.vmOptionsFile=C:\Program Files\Android\Android Studio\bin\studio64.exe.vmoptions -Xbootclasspath/a:C:\Program Files\Android\Android Studio\lib\boot.jar -Didea.platform.prefix=AndroidStudio -Didea.jre.check=true -Dide.native.launcher=true -Didea.paths.selector=AndroidStudio3.1 -XX:ErrorFile=C:\Users\KIIT\java_error_in_studio_%p.log -XX:HeapDumpPath=C:\Users\KIIT\java_error_in_studio.hprof 
2021-05-28 12:09:13,642 [e-1024-b02]   INFO -        #com.intellij.idea.Main - ForkJoinPool.commonPool: java.util.concurrent.ForkJoinPool@566e3e86[Running, parallelism = 7, size = 0, active = 0, running = 0, steals = 0, tasks = 0, submissions = 0] 
2021-05-28 12:09:13,644 [e-1024-b02]   INFO -        #com.intellij.idea.Main - ext: C:\Program Files\Android\Android Studio\jre\jre\lib\ext: [access-bridge-64.jar, cldrdata.jar, dnsns.jar, jaccess.jar, localedata.jar, meta-index, nashorn.jar, sunec.jar, sunjce_provider.jar, sunmscapi.jar, sunpkcs11.jar, zipfs.jar] 
2021-05-28 12:09:13,645 [e-1024-b02]   INFO -        #com.intellij.idea.Main - JNU charset: Cp1252 
2021-05-28 12:09:13,663 [e-1024-b02]   INFO -        #com.intellij.idea.Main - JNA library (64-bit) loaded in 18 ms 
2021-05-28 12:09:13,677 [e-1024-b02]   INFO - penapi.util.io.win32.IdeaWin32 - Native filesystem for Windows is operational 
2021-05-28 12:09:14,550 [entQueue-0]   INFO - llij.ide.plugins.PluginManager - Cannot find optional descriptor duplicates-groovy.xml 
2021-05-28 12:09:15,109 [entQueue-0]   INFO - llij.ide.plugins.PluginManager - 38 plugins initialized in 870 ms 
2021-05-28 12:09:15,126 [entQueue-0]   INFO - llij.ide.plugins.PluginManager - Loaded bundled plugins: Android APK Support (1.0), Android Games (1.0), Android NDK Support (1.0), Android Support (10.3.1.3), App Links Assistant (0.1), CVS Integration (11), Copyright (8.1), Coverage (173.4301.25), EditorConfig (173.4301.25), Firebase App Indexing (0.1), Firebase Services (0.1), Firebase Testing (1.0), Git Integration (8.1), GitHub (173.4301.25), Google Cloud Tools Core (0.2.8), Google Cloud Tools For Android Studio (0.2.8), Google Developers Samples (0.3.1), Google Login (1.0), Google Services (0.1), Gradle (173.4301.25), Groovy (9.0), I18n for Java (173.4301.25), IDEA CORE (173.4301.25), IntelliLang (8.0), JUnit (1.0), Java Bytecode Decompiler (173.4301.25), Java Stream Debugger (173.4301.25), Kotlin (1.2.30-release-Studio3.1-1), Mercurial Integration (10.0), Properties Support (173.4301.25), Settings Repository (173.4301.25), Smali Support (1.0), Subversion Integration (1.1), Task Management (1.0), Terminal (0.1), Test Recorder (1.0), TestNG-J (8.0), YAML (173.4301.25) 
2021-05-28 12:09:16,688 [entQueue-0]   INFO - ellij.vfs.persistent.FSRecords - Marking VFS as corrupted: 'C:\Users\KIIT\.AndroidStudio3.1\system\caches\names.dat' does not exist 
2021-05-28 12:09:16,695 [entQueue-0]   INFO - ellij.util.io.PagedFileStorage - lower=100; upper=500; buffer=10; max=1217 
2021-05-28 12:09:16,768 [entQueue-0]   INFO - pl.local.NativeFileWatcherImpl - Starting file watcher: C:\Program Files\Android\Android Studio\bin\fsnotifier64.exe 
2021-05-28 12:09:16,855 [entQueue-0]   INFO - pl.local.NativeFileWatcherImpl - Native file watcher is operational. 
2021-05-28 12:09:17,544 [entQueue-0]   INFO - .history.utils.LocalHistoryLog - local history version mismatch (was: 0, expected: 6), rebuilding... 
2021-05-28 12:09:17,544 [entQueue-0]   INFO - .history.utils.LocalHistoryLog - FS has been rebuild, rebuilding local history... 
2021-05-28 12:09:17,673 [d thread 1]   INFO - .openapi.application.Preloader - Finished preloading com.intellij.ide.ui.OptionsTopHitProvider$Activity@64d89c58 
2021-05-28 12:09:17,825 [entQueue-0]   INFO - til.net.ssl.CertificateManager - Default SSL context initialized 
2021-05-28 12:09:18,136 [d thread 2]   INFO - rains.ide.BuiltInServerManager - built-in server started, port 63342 
2021-05-28 12:09:18,165 [entQueue-0]   INFO - gs.impl.UpdateCheckerComponent - channel: release 
2021-05-28 12:09:18,527 [e-1024-b02]   INFO - il.indexing.FileBasedIndexImpl - Index exts enumerated:309 
2021-05-28 12:09:18,548 [e-1024-b02]   INFO - il.indexing.FileBasedIndexImpl - Index scheduled:20 
2021-05-28 12:09:18,711 [e-1024-b02]   INFO - tellij.psi.stubs.StubIndexImpl - All stub exts enumerated:157 
2021-05-28 12:09:18,713 [e-1024-b02]   INFO - tellij.psi.stubs.StubIndexImpl - stub exts update scheduled:1 
2021-05-28 12:09:19,468 [e-1024-b02]   INFO - ellij.project.impl.ProjectImpl - 20 project components initialized in 495 ms 
2021-05-28 12:09:19,682 [d thread 2]   INFO - ij.psi.stubs.StubUpdatingIndex - Following new file types will be indexed:Kotlin,GDBCommands,CLASS,Properties,KJSM,HTML,JAVA,XML,kotlin_builtins,LLDBCommands,Groovy 
2021-05-28 12:09:20,872 [d thread 2]   INFO - pl$FileIndexDataInitialization - Initialization done:2323 
2021-05-28 12:09:21,646 [e-1024-b02]   INFO - plication.impl.ApplicationImpl - 87 application components initialized in 7415ms 
2021-05-28 12:09:21,670 [e-1024-b02]   INFO - .intellij.idea.IdeaApplication - App initialization took 15832 ms 
2021-05-28 12:09:21,759 [d thread 2]   INFO - exImpl$StubIndexInitialization - Initialization done:887 
2021-05-28 12:09:22,060 [d thread 1]   INFO - .openapi.application.Preloader - Finished preloading com.intellij.openapi.actionSystem.impl.ActionPreloader@4d04b4db 
2021-05-28 12:09:22,759 [d thread 3]   INFO - dea.updater.SdkComponentSource - File C:\Users\KIIT\.android\repositories.cfg could not be loaded. 
2021-05-28 12:09:22,766 [d thread 3]   INFO - dea.updater.SdkComponentSource - Downloading file:/C:/Program%20Files/Android/Android%20Studio/plugins/sdk-updates/offline-repo/offline-repo.xml 
2021-05-28 12:09:23,025 [d thread 2]   INFO - s.RepoProgressIndicatorAdapter - Downloading file:/C:/Program%20Files/Android/Android%20Studio/plugins/sdk-updates/offline-repo/offline-repo.xml 
2021-05-28 12:09:23,705 [d thread 2]   INFO - s.RepoProgressIndicatorAdapter - File C:\Users\KIIT\.android\repositories.cfg could not be loaded. 
2021-05-28 12:09:23,707 [d thread 3]   INFO - dea.updater.SdkComponentSource - Downloading https://dl.google.com/android/repository/repository2-1.xml 
2021-05-28 12:09:23,709 [d thread 2]   INFO - s.RepoProgressIndicatorAdapter - Downloading https://dl.google.com/android/repository/repository2-1.xml 
2021-05-28 12:09:24,492 [d thread 1]   INFO - .openapi.application.Preloader - Finished preloading com.intellij.ide.ui.search.SearchableOptionPreloader@7fa2d989 
2021-05-28 12:09:25,034 [d thread 3]   INFO - dea.updater.SdkComponentSource - Downloading https://dl.google.com/android/repository/addons_list-3.xml 
2021-05-28 12:09:25,126 [d thread 2]   INFO - s.RepoProgressIndicatorAdapter - Downloading https://dl.google.com/android/repository/addons_list-3.xml 
2021-05-28 12:09:25,141 [d thread 1]   INFO - .openapi.application.Preloader - Finished preloading com.intellij.codeInsight.completion.CompletionPreloader@22ed0cd1 
2021-05-28 12:09:25,396 [d thread 3]   INFO - dea.updater.SdkComponentSource - Downloading https://dl.google.com/android/repository/sys-img/android/sys-img2-1.xml 
2021-05-28 12:09:25,479 [d thread 2]   INFO - s.RepoProgressIndicatorAdapter - Downloading https://dl.google.com/android/repository/sys-img/android/sys-img2-1.xml 
2021-05-28 12:09:26,313 [d thread 3]   INFO - dea.updater.SdkComponentSource - Downloading https://dl.google.com/android/repository/sys-img/android-automotive/sys-img2-1.xml 
2021-05-28 12:09:26,424 [d thread 2]   INFO - s.RepoProgressIndicatorAdapter - Downloading https://dl.google.com/android/repository/sys-img/android-automotive/sys-img2-1.xml 
2021-05-28 12:09:26,847 [d thread 3]   INFO - dea.updater.SdkComponentSource - Downloading https://dl.google.com/android/repository/sys-img/android-wear/sys-img2-1.xml 
2021-05-28 12:09:27,017 [d thread 2]   INFO - s.RepoProgressIndicatorAdapter - Downloading https://dl.google.com/android/repository/sys-img/android-wear/sys-img2-1.xml 
2021-05-28 12:09:27,560 [d thread 3]   INFO - dea.updater.SdkComponentSource - Downloading https://dl.google.com/android/repository/sys-img/android-wear-cn/sys-img2-1.xml 
2021-05-28 12:09:27,848 [d thread 2]   INFO - s.RepoProgressIndicatorAdapter - Downloading https://dl.google.com/android/repository/sys-img/android-wear-cn/sys-img2-1.xml 
2021-05-28 12:09:28,079 [d thread 3]   INFO - dea.updater.SdkComponentSource - Downloading https://dl.google.com/android/repository/sys-img/android-tv/sys-img2-1.xml 
2021-05-28 12:09:28,484 [d thread 2]   INFO - s.RepoProgressIndicatorAdapter - Downloading https://dl.google.com/android/repository/sys-img/android-tv/sys-img2-1.xml 
2021-05-28 12:09:28,653 [d thread 3]   INFO - dea.updater.SdkComponentSource - Downloading https://dl.google.com/android/repository/sys-img/google-tv/sys-img2-1.xml 
2021-05-28 12:09:29,044 [d thread 2]   INFO - s.RepoProgressIndicatorAdapter - Downloading https://dl.google.com/android/repository/sys-img/google-tv/sys-img2-1.xml 
2021-05-28 12:09:29,310 [d thread 3]   INFO - dea.updater.SdkComponentSource - Downloading https://dl.google.com/android/repository/sys-img/google_apis/sys-img2-1.xml 
2021-05-28 12:09:30,009 [d thread 2]   INFO - s.RepoProgressIndicatorAdapter - Downloading https://dl.google.com/android/repository/sys-img/google_apis/sys-img2-1.xml 
2021-05-28 12:09:30,049 [d thread 3]   INFO - dea.updater.SdkComponentSource - Downloading https://dl.google.com/android/repository/sys-img/google_apis_playstore/sys-img2-1.xml 
2021-05-28 12:09:30,634 [d thread 3]   INFO - dea.updater.SdkComponentSource - Downloading https://dl.google.com/android/repository/addon2-1.xml 
2021-05-28 12:09:30,766 [d thread 2]   INFO - s.RepoProgressIndicatorAdapter - Downloading https://dl.google.com/android/repository/sys-img/google_apis_playstore/sys-img2-1.xml 
2021-05-28 12:09:31,413 [d thread 2]   INFO - s.RepoProgressIndicatorAdapter - Downloading https://dl.google.com/android/repository/addon2-1.xml 
2021-05-28 12:09:31,574 [d thread 3]   INFO - dea.updater.SdkComponentSource - Downloading https://dl.google.com/android/repository/glass/addon2-1.xml 
2021-05-28 12:09:32,074 [d thread 2]   INFO - s.RepoProgressIndicatorAdapter - Downloading https://dl.google.com/android/repository/glass/addon2-1.xml 
2021-05-28 12:09:32,216 [d thread 3]   INFO - dea.updater.SdkComponentSource - Downloading https://dl.google.com/android/repository/extras/intel/addon2-1.xml 
2021-05-28 12:09:32,601 [d thread 2]   INFO - s.RepoProgressIndicatorAdapter - Downloading https://dl.google.com/android/repository/extras/intel/addon2-1.xml 
2021-05-28 12:09:33,193 [e-1024-b02]   WARN - vdmanager.AvdManagerConnection - No Android SDK Found 
2021-05-28 12:09:34,332 [e-1024-b02]   INFO - j.ide.ui.OptionsTopHitProvider - 350 ms spent to cache options in application 
2021-05-28 12:09:34,332 [e-1024-b02]   INFO - rtup.GradleSpecificInitializer - Found Studio home directory at: 'C:\Program Files\Android\Android Studio' 
2021-05-28 12:09:34,332 [e-1024-b02]   INFO - rtup.GradleSpecificInitializer - Looking for Android SDK at 'C:/Program Files/Android/Android Studio/sdk' 
2021-05-28 12:09:34,333 [e-1024-b02]   INFO - rtup.GradleSpecificInitializer - Looking for Android SDK at 'C:/Program Files/Android/sdk' 
2021-05-28 12:09:34,333 [e-1024-b02]   INFO - rtup.GradleSpecificInitializer - Unable to locate SDK within the Android studio installation. 
2021-05-28 12:09:34,333 [e-1024-b02]   INFO - rtup.GradleSpecificInitializer - Checking if ANDROID_HOME is set: 'ANDROID_HOME' is 'null' 
2021-05-28 12:09:34,333 [e-1024-b02]   INFO - rtup.GradleSpecificInitializer - Unable to locate last SDK used by Android tools 
2021-05-28 12:09:34,333 [e-1024-b02]   INFO - .startup.AndroidSdkInitializer - Found Studio home directory at: 'C:\Program Files\Android\Android Studio' 
2021-05-28 12:09:34,333 [e-1024-b02]   INFO - .startup.AndroidSdkInitializer - Looking for Android SDK at 'C:/Program Files/Android/Android Studio/sdk' 
2021-05-28 12:09:34,333 [e-1024-b02]   INFO - .startup.AndroidSdkInitializer - Looking for Android SDK at 'C:/Program Files/Android/sdk' 
2021-05-28 12:09:34,333 [e-1024-b02]   INFO - .startup.AndroidSdkInitializer - Unable to locate SDK within the Android studio installation. 
2021-05-28 12:09:34,333 [e-1024-b02]   INFO - .startup.AndroidSdkInitializer - Checking if ANDROID_HOME is set: 'ANDROID_HOME' is 'null' 
2021-05-28 12:09:34,333 [e-1024-b02]   INFO - .startup.AndroidSdkInitializer - Unable to locate last SDK used by Android tools 
2021-05-28 12:10:08,797 [e-1024-b02]   INFO - rd.FirstRunWizardFrameProvider - Overriding welcome frame to be resizable 
2021-05-28 12:10:36,441 [e-1024-b02]   INFO - stubs.SerializationManagerImpl - START StubSerializationManager SHUTDOWN 
2021-05-28 12:10:36,447 [e-1024-b02]   INFO - stubs.SerializationManagerImpl - END StubSerializationManager SHUTDOWN 
2021-05-28 12:10:36,447 [e-1024-b02]   INFO - il.indexing.FileBasedIndexImpl - START INDEX SHUTDOWN 
2021-05-28 12:10:36,526 [e-1024-b02]   INFO - il.indexing.FileBasedIndexImpl - END INDEX SHUTDOWN 
2021-05-28 12:10:36,528 [e-1024-b02]   INFO - org.jetbrains.io.BuiltInServer - web server stopped 
2021-05-28 12:10:36,530 [e-1024-b02]   INFO - Types.impl.FileTypeManagerImpl - FileTypeManager: 0 auto-detected files
Elapsed time on auto-detect: 0 ms 
2021-05-28 12:10:36,544 [fier64.exe]   INFO - pl.local.NativeFileWatcherImpl - Watcher terminated with exit code 0 
2021-05-28 12:10:36,546 [e-1024-b02]   INFO - newvfs.persistent.PersistentFS - VFS dispose started 
2021-05-28 12:10:36,559 [e-1024-b02]   INFO - newvfs.persistent.PersistentFS - VFS dispose completed 
2021-05-28 12:10:36,563 [ - logging]   INFO -        #com.intellij.idea.Main - ------------------------------------------------------ IDE SHUTDOWN ------------------------------------------------------ 
2021-05-28 12:10:36,566 [wn tracker]   INFO - org.jetbrains.io.BuiltInServer - web server stopped 
